# JRE version: OpenJDK Runtime Environment Temurin-11.0.27+6 (11.0.27+6) (build 11.0.27+6)
# Java VM: OpenJDK 64-Bit Server VM Temurin-11.0.27+6 (11.0.27+6, mixed mode, tiered, compressed oops, g1 gc, windows-amd64)
Heap:
 garbage-first heap   total 262144K, used 125440K [0x00000000e0000000, 0x0000000100000000)
  region size 1024K, 57 young (58368K), 5 survivors (5120K)
 Metaspace       used 81678K, capacity 85046K, committed 85116K, reserved 327680K
  class space    used 10462K, capacity 11704K, committed 11724K, reserved 253952K
GC Heap History (20 events):
Event: 4.138 GC heap before
{Heap before GC invocations=6 (full 0):
 garbage-first heap   total 262144K, used 96338K [0x00000000e0000000, 0x0000000100000000)
  region size 1024K, 78 young (79872K), 3 survivors (3072K)
 Metaspace       used 34393K, capacity 35271K, committed 35376K, reserved 284672K
  class space    used 4574K, capacity 4925K, committed 4992K, reserved 253952K
}
Event: 4.147 GC heap after
{Heap after GC invocations=7 (full 0):
 garbage-first heap   total 262144K, used 22800K [0x00000000e0000000, 0x0000000100000000)
  region size 1024K, 6 young (6144K), 6 survivors (6144K)
 Metaspace       used 34393K, capacity 35271K, committed 35376K, reserved 284672K
  class space    used 4574K, capacity 4925K, committed 4992K, reserved 253952K
}
Event: 4.171 GC heap before
{Heap before GC invocations=7 (full 0):
 garbage-first heap   total 262144K, used 23824K [0x00000000e0000000, 0x0000000100000000)
  region size 1024K, 8 young (8192K), 6 survivors (6144K)
 Metaspace       used 34943K, capacity 35815K, committed 35888K, reserved 286720K
  class space    used 4600K, capacity 4957K, committed 4992K, reserved 253952K
}
Event: 4.179 GC heap after
{Heap after GC invocations=8 (full 0):
 garbage-first heap   total 262144K, used 22838K [0x00000000e0000000, 0x0000000100000000)
  region size 1024K, 6 young (6144K), 6 survivors (6144K)
 Metaspace       used 34943K, capacity 35815K, committed 35888K, reserved 286720K
  class space    used 4600K, capacity 4957K, committed 4992K, reserved 253952K
}
Event: 5.459 GC heap before
{Heap before GC invocations=9 (full 0):
 garbage-first heap   total 262144K, used 118070K [0x00000000e0000000, 0x0000000100000000)
  region size 1024K, 95 young (97280K), 6 survivors (6144K)
 Metaspace       used 44462K, capacity 45498K, committed 45744K, reserved 294912K
  class space    used 5681K, capacity 6113K, committed 6144K, reserved 253952K
}
Event: 5.474 GC heap after
{Heap after GC invocations=10 (full 0):
 garbage-first heap   total 262144K, used 31629K [0x00000000e0000000, 0x0000000100000000)
  region size 1024K, 12 young (12288K), 12 survivors (12288K)
 Metaspace       used 44462K, capacity 45498K, committed 45744K, reserved 294912K
  class space    used 5681K, capacity 6113K, committed 6144K, reserved 253952K
}
Event: 6.587 GC heap before
{Heap before GC invocations=10 (full 0):
 garbage-first heap   total 262144K, used 136077K [0x00000000e0000000, 0x0000000100000000)
  region size 1024K, 114 young (116736K), 12 survivors (12288K)
 Metaspace       used 49403K, capacity 50674K, committed 50864K, reserved 299008K
  class space    used 6322K, capacity 6825K, committed 6912K, reserved 253952K
}
Event: 6.607 GC heap after
{Heap after GC invocations=11 (full 0):
 garbage-first heap   total 262144K, used 37677K [0x00000000e0000000, 0x0000000100000000)
  region size 1024K, 13 young (13312K), 13 survivors (13312K)
 Metaspace       used 49403K, capacity 50674K, committed 50864K, reserved 299008K
  class space    used 6322K, capacity 6825K, committed 6912K, reserved 253952K
}
Event: 8.233 GC heap before
{Heap before GC invocations=11 (full 0):
 garbage-first heap   total 262144K, used 153389K [0x00000000e0000000, 0x0000000100000000)
  region size 1024K, 125 young (128000K), 13 survivors (13312K)
 Metaspace       used 58325K, capacity 60116K, committed 60208K, reserved 307200K
  class space    used 7587K, capacity 8306K, committed 8320K, reserved 253952K
}
Event: 8.252 GC heap after
{Heap after GC invocations=12 (full 0):
 garbage-first heap   total 262144K, used 44032K [0x00000000e0000000, 0x0000000100000000)
  region size 1024K, 12 young (12288K), 12 survivors (12288K)
 Metaspace       used 58325K, capacity 60116K, committed 60208K, reserved 307200K
  class space    used 7587K, capacity 8306K, committed 8320K, reserved 253952K
}
Event: 8.293 GC heap before
{Heap before GC invocations=12 (full 0):
 garbage-first heap   total 262144K, used 48128K [0x00000000e0000000, 0x0000000100000000)
  region size 1024K, 17 young (17408K), 12 survivors (12288K)
 Metaspace       used 58422K, capacity 60206K, committed 60240K, reserved 307200K
  class space    used 7603K, capacity 8316K, committed 8320K, reserved 253952K
}
Event: 8.311 GC heap after
{Heap after GC invocations=13 (full 0):
 garbage-first heap   total 262144K, used 45082K [0x00000000e0000000, 0x0000000100000000)
  region size 1024K, 8 young (8192K), 8 survivors (8192K)
 Metaspace       used 58422K, capacity 60206K, committed 60240K, reserved 307200K
  class space    used 7603K, capacity 8316K, committed 8320K, reserved 253952K
}
Event: 10.446 GC heap before
{Heap before GC invocations=14 (full 0):
 garbage-first heap   total 262144K, used 156698K [0x00000000e0000000, 0x0000000100000000)
  region size 1024K, 117 young (119808K), 8 survivors (8192K)
 Metaspace       used 71551K, capacity 74177K, committed 74492K, reserved 319488K
  class space    used 9461K, capacity 10505K, committed 10572K, reserved 253952K
}
Event: 10.463 GC heap after
{Heap after GC invocations=15 (full 0):
 garbage-first heap   total 262144K, used 51372K [0x00000000e0000000, 0x0000000100000000)
  region size 1024K, 14 young (14336K), 14 survivors (14336K)
 Metaspace       used 71551K, capacity 74177K, committed 74492K, reserved 319488K
  class space    used 9461K, capacity 10505K, committed 10572K, reserved 253952K
}
Event: 12.000 GC heap before
{Heap before GC invocations=15 (full 0):
 garbage-first heap   total 262144K, used 168108K [0x00000000e0000000, 0x0000000100000000)
  region size 1024K, 128 young (131072K), 14 survivors (14336K)
 Metaspace       used 74668K, capacity 77476K, committed 77692K, reserved 321536K
  class space    used 9759K, capacity 10829K, committed 10956K, reserved 253952K
}
Event: 12.023 GC heap after
{Heap after GC invocations=16 (full 0):
 garbage-first heap   total 262144K, used 60935K [0x00000000e0000000, 0x0000000100000000)
  region size 1024K, 16 young (16384K), 16 survivors (16384K)
 Metaspace       used 74668K, capacity 77476K, committed 77692K, reserved 321536K
  class space    used 9759K, capacity 10829K, committed 10956K, reserved 253952K
}
Event: 13.798 GC heap before
{Heap before GC invocations=16 (full 0):
 garbage-first heap   total 262144K, used 177671K [0x00000000e0000000, 0x0000000100000000)
  region size 1024K, 131 young (134144K), 16 survivors (16384K)
 Metaspace       used 76460K, capacity 79433K, committed 79612K, reserved 323584K
  class space    used 9910K, capacity 11040K, committed 11084K, reserved 253952K
}
Event: 13.824 GC heap after
{Heap after GC invocations=17 (full 0):
 garbage-first heap   total 262144K, used 70704K [0x00000000e0000000, 0x0000000100000000)
  region size 1024K, 12 young (12288K), 12 survivors (12288K)
 Metaspace       used 76460K, capacity 79433K, committed 79612K, reserved 323584K
  class space    used 9910K, capacity 11040K, committed 11084K, reserved 253952K
}
Event: 593.037 GC heap before
{Heap before GC invocations=17 (full 0):
 garbage-first heap   total 262144K, used 183344K [0x00000000e0000000, 0x0000000100000000)
  region size 1024K, 123 young (125952K), 12 survivors (12288K)
 Metaspace       used 81112K, capacity 84431K, committed 84604K, reserved 327680K
  class space    used 10441K, capacity 11671K, committed 11724K, reserved 253952K
}
Event: 593.054 GC heap after
{Heap after GC invocations=18 (full 0):
 garbage-first heap   total 262144K, used 74240K [0x00000000e0000000, 0x0000000100000000)
  region size 1024K, 5 young (5120K), 5 survivors (5120K)
 Metaspace       used 81112K, capacity 84431K, committed 84604K, reserved 327680K
  class space    used 10441K, capacity 11671K, committed 11724K, reserved 253952K
}

