# JRE version: OpenJDK Runtime Environment Temurin-11.0.27+6 (11.0.27+6) (build 11.0.27+6)
# Java VM: OpenJDK 64-Bit Server VM Temurin-11.0.27+6 (11.0.27+6, mixed mode, tiered, compressed oops, g1 gc, windows-amd64)
Heap:
 garbage-first heap   total 129024K, used 42760K [0x00000000e0000000, 0x0000000100000000)
  region size 1024K, 38 young (38912K), 3 survivors (3072K)
 Metaspace       used 27159K, capacity 28060K, committed 28336K, reserved 1075200K
  class space    used 3146K, capacity 3512K, committed 3584K, reserved 1048576K
GC Heap History (8 events):
Event: 0.525 GC heap before
{Heap before GC invocations=0 (full 0):
 garbage-first heap   total 129024K, used 14336K [0x00000000e0000000, 0x0000000100000000)
  region size 1024K, 14 young (14336K), 0 survivors (0K)
 Metaspace       used 11386K, capacity 11654K, committed 11776K, reserved 1060864K
  class space    used 1140K, capacity 1211K, committed 1280K, reserved 1048576K
}
Event: 0.531 GC heap after
{Heap after GC invocations=1 (full 0):
 garbage-first heap   total 129024K, used 5807K [0x00000000e0000000, 0x0000000100000000)
  region size 1024K, 2 young (2048K), 2 survivors (2048K)
 Metaspace       used 11386K, capacity 11654K, committed 11776K, reserved 1060864K
  class space    used 1140K, capacity 1211K, committed 1280K, reserved 1048576K
}
Event: 0.790 GC heap before
{Heap before GC invocations=1 (full 0):
 garbage-first heap   total 129024K, used 9903K [0x00000000e0000000, 0x0000000100000000)
  region size 1024K, 6 young (6144K), 2 survivors (2048K)
 Metaspace       used 12789K, capacity 13096K, committed 13312K, reserved 1060864K
  class space    used 1326K, capacity 1416K, committed 1536K, reserved 1048576K
}
Event: 0.792 GC heap after
{Heap after GC invocations=2 (full 0):
 garbage-first heap   total 129024K, used 6159K [0x00000000e0000000, 0x0000000100000000)
  region size 1024K, 1 young (1024K), 1 survivors (1024K)
 Metaspace       used 12789K, capacity 13096K, committed 13312K, reserved 1060864K
  class space    used 1326K, capacity 1416K, committed 1536K, reserved 1048576K
}
Event: 1.272 GC heap before
{Heap before GC invocations=2 (full 0):
 garbage-first heap   total 129024K, used 26639K [0x00000000e0000000, 0x0000000100000000)
  region size 1024K, 21 young (21504K), 1 survivors (1024K)
 Metaspace       used 16654K, capacity 17385K, committed 17536K, reserved 1064960K
  class space    used 1880K, capacity 2140K, committed 2176K, reserved 1048576K
}
Event: 1.274 GC heap after
{Heap after GC invocations=3 (full 0):
 garbage-first heap   total 129024K, used 7007K [0x00000000e0000000, 0x0000000100000000)
  region size 1024K, 2 young (2048K), 2 survivors (2048K)
 Metaspace       used 16654K, capacity 17385K, committed 17536K, reserved 1064960K
  class space    used 1880K, capacity 2140K, committed 2176K, reserved 1048576K
}
Event: 1.984 GC heap before
{Heap before GC invocations=3 (full 0):
 garbage-first heap   total 129024K, used 29535K [0x00000000e0000000, 0x0000000100000000)
  region size 1024K, 25 young (25600K), 2 survivors (2048K)
 Metaspace       used 20429K, capacity 21215K, committed 21296K, reserved 1069056K
  class space    used 2364K, capacity 2659K, committed 2688K, reserved 1048576K
}
Event: 1.987 GC heap after
{Heap after GC invocations=4 (full 0):
 garbage-first heap   total 129024K, used 7944K [0x00000000e0000000, 0x0000000100000000)
  region size 1024K, 3 young (3072K), 3 survivors (3072K)
 Metaspace       used 20429K, capacity 21215K, committed 21296K, reserved 1069056K
  class space    used 2364K, capacity 2659K, committed 2688K, reserved 1048576K
}

