# JRE version: OpenJDK Runtime Environment Temurin-11.0.27+6 (11.0.27+6) (build 11.0.27+6)
# Java VM: OpenJDK 64-Bit Server VM Temurin-11.0.27+6 (11.0.27+6, mixed mode, tiered, compressed oops, g1 gc, windows-amd64)
Heap:
 garbage-first heap   total 129024K, used 20662K [0x00000000e0000000, 0x0000000100000000)
  region size 1024K, 11 young (11264K), 7 survivors (7168K)
 Metaspace       used 32319K, capacity 33381K, committed 33456K, reserved 1085440K
  class space    used 3846K, capacity 4285K, committed 4352K, reserved 1048576K
GC Heap History (12 events):
Event: 0.829 GC heap before
{Heap before GC invocations=0 (full 0):
 garbage-first heap   total 129024K, used 14336K [0x00000000e0000000, 0x0000000100000000)
  region size 1024K, 14 young (14336K), 0 survivors (0K)
 Metaspace       used 11386K, capacity 11654K, committed 11776K, reserved 1060864K
  class space    used 1140K, capacity 1211K, committed 1280K, reserved 1048576K
}
Event: 0.835 GC heap after
{Heap after GC invocations=1 (full 0):
 garbage-first heap   total 129024K, used 5912K [0x00000000e0000000, 0x0000000100000000)
  region size 1024K, 2 young (2048K), 2 survivors (2048K)
 Metaspace       used 11386K, capacity 11654K, committed 11776K, reserved 1060864K
  class space    used 1140K, capacity 1211K, committed 1280K, reserved 1048576K
}
Event: 1.161 GC heap before
{Heap before GC invocations=1 (full 0):
 garbage-first heap   total 129024K, used 10008K [0x00000000e0000000, 0x0000000100000000)
  region size 1024K, 6 young (6144K), 2 survivors (2048K)
 Metaspace       used 12799K, capacity 13096K, committed 13312K, reserved 1060864K
  class space    used 1326K, capacity 1416K, committed 1536K, reserved 1048576K
}
Event: 1.163 GC heap after
{Heap after GC invocations=2 (full 0):
 garbage-first heap   total 129024K, used 6229K [0x00000000e0000000, 0x0000000100000000)
  region size 1024K, 1 young (1024K), 1 survivors (1024K)
 Metaspace       used 12799K, capacity 13096K, committed 13312K, reserved 1060864K
  class space    used 1326K, capacity 1416K, committed 1536K, reserved 1048576K
}
Event: 1.862 GC heap before
{Heap before GC invocations=2 (full 0):
 garbage-first heap   total 129024K, used 28757K [0x00000000e0000000, 0x0000000100000000)
  region size 1024K, 23 young (23552K), 1 survivors (1024K)
 Metaspace       used 17176K, capacity 17877K, committed 18176K, reserved 1064960K
  class space    used 1950K, capacity 2219K, committed 2304K, reserved 1048576K
}
Event: 1.866 GC heap after
{Heap after GC invocations=3 (full 0):
 garbage-first heap   total 129024K, used 7176K [0x00000000e0000000, 0x0000000100000000)
  region size 1024K, 2 young (2048K), 2 survivors (2048K)
 Metaspace       used 17176K, capacity 17877K, committed 18176K, reserved 1064960K
  class space    used 1950K, capacity 2219K, committed 2304K, reserved 1048576K
}
Event: 3.151 GC heap before
{Heap before GC invocations=3 (full 0):
 garbage-first heap   total 129024K, used 27656K [0x00000000e0000000, 0x0000000100000000)
  region size 1024K, 23 young (23552K), 2 survivors (2048K)
 Metaspace       used 20411K, capacity 21157K, committed 21296K, reserved 1069056K
  class space    used 2364K, capacity 2660K, committed 2688K, reserved 1048576K
}
Event: 3.154 GC heap after
{Heap after GC invocations=4 (full 0):
 garbage-first heap   total 129024K, used 7960K [0x00000000e0000000, 0x0000000100000000)
  region size 1024K, 3 young (3072K), 3 survivors (3072K)
 Metaspace       used 20411K, capacity 21157K, committed 21296K, reserved 1069056K
  class space    used 2364K, capacity 2660K, committed 2688K, reserved 1048576K
}
Event: 5.699 GC heap before
{Heap before GC invocations=5 (full 0):
 garbage-first heap   total 129024K, used 70424K [0x00000000e0000000, 0x0000000100000000)
  region size 1024K, 59 young (60416K), 3 survivors (3072K)
 Metaspace       used 30069K, capacity 31065K, committed 31280K, reserved 1077248K
  class space    used 3539K, capacity 3940K, committed 3968K, reserved 1048576K
}
Event: 5.705 GC heap after
{Heap after GC invocations=6 (full 0):
 garbage-first heap   total 129024K, used 16444K [0x00000000e0000000, 0x0000000100000000)
  region size 1024K, 6 young (6144K), 6 survivors (6144K)
 Metaspace       used 30069K, capacity 31065K, committed 31280K, reserved 1077248K
  class space    used 3539K, capacity 3940K, committed 3968K, reserved 1048576K
}
Event: 6.295 GC heap before
{Heap before GC invocations=6 (full 0):
 garbage-first heap   total 129024K, used 29756K [0x00000000e0000000, 0x0000000100000000)
  region size 1024K, 20 young (20480K), 6 survivors (6144K)
 Metaspace       used 32009K, capacity 33060K, committed 33072K, reserved 1085440K
  class space    used 3794K, capacity 4221K, committed 4224K, reserved 1048576K
}
Event: 6.302 GC heap after
{Heap after GC invocations=7 (full 0):
 garbage-first heap   total 129024K, used 17590K [0x00000000e0000000, 0x0000000100000000)
  region size 1024K, 7 young (7168K), 7 survivors (7168K)
 Metaspace       used 32009K, capacity 33060K, committed 33072K, reserved 1085440K
  class space    used 3794K, capacity 4221K, committed 4224K, reserved 1048576K
}

