# JRE version: OpenJDK Runtime Environment Temurin-11.0.27+6 (11.0.27+6) (build 11.0.27+6)
# Java VM: OpenJDK 64-Bit Server VM Temurin-11.0.27+6 (11.0.27+6, mixed mode, tiered, compressed oops, g1 gc, windows-amd64)
Heap:
 garbage-first heap   total 262144K, used 30871K [0x00000000e0000000, 0x0000000100000000)
  region size 1024K, 17 young (17408K), 8 survivors (8192K)
 Metaspace       used 37714K, capacity 38627K, committed 38832K, reserved 288768K
  class space    used 4897K, capacity 5282K, committed 5376K, reserved 253952K
GC Heap History (12 events):
Event: 0.379 GC heap before
{Heap before GC invocations=0 (full 0):
 garbage-first heap   total 262144K, used 16384K [0x00000000e0000000, 0x0000000100000000)
  region size 1024K, 14 young (14336K), 0 survivors (0K)
 Metaspace       used 6801K, capacity 6989K, committed 7168K, reserved 262144K
  class space    used 575K, capacity 650K, committed 768K, reserved 253952K
}
Event: 0.382 GC heap after
{Heap after GC invocations=1 (full 0):
 garbage-first heap   total 262144K, used 7790K [0x00000000e0000000, 0x0000000100000000)
  region size 1024K, 2 young (2048K), 2 survivors (2048K)
 Metaspace       used 6801K, capacity 6989K, committed 7168K, reserved 262144K
  class space    used 575K, capacity 650K, committed 768K, reserved 253952K
}
Event: 0.679 GC heap before
{Heap before GC invocations=1 (full 0):
 garbage-first heap   total 262144K, used 21102K [0x00000000e0000000, 0x0000000100000000)
  region size 1024K, 15 young (15360K), 2 survivors (2048K)
 Metaspace       used 10325K, capacity 10614K, committed 10880K, reserved 264192K
  class space    used 1048K, capacity 1138K, committed 1152K, reserved 253952K
}
Event: 0.682 GC heap after
{Heap after GC invocations=2 (full 0):
 garbage-first heap   total 262144K, used 9424K [0x00000000e0000000, 0x0000000100000000)
  region size 1024K, 2 young (2048K), 2 survivors (2048K)
 Metaspace       used 10325K, capacity 10614K, committed 10880K, reserved 264192K
  class space    used 1048K, capacity 1138K, committed 1152K, reserved 253952K
}
Event: 1.248 GC heap before
{Heap before GC invocations=2 (full 0):
 garbage-first heap   total 262144K, used 54480K [0x00000000e0000000, 0x0000000100000000)
  region size 1024K, 45 young (46080K), 2 survivors (2048K)
 Metaspace       used 11784K, capacity 12135K, committed 12416K, reserved 266240K
  class space    used 1264K, capacity 1346K, committed 1408K, reserved 253952K
}
Event: 1.253 GC heap after
{Heap after GC invocations=3 (full 0):
 garbage-first heap   total 262144K, used 14591K [0x00000000e0000000, 0x0000000100000000)
  region size 1024K, 6 young (6144K), 6 survivors (6144K)
 Metaspace       used 11784K, capacity 12135K, committed 12416K, reserved 266240K
  class space    used 1264K, capacity 1346K, committed 1408K, reserved 253952K
}
Event: 2.388 GC heap before
{Heap before GC invocations=3 (full 0):
 garbage-first heap   total 262144K, used 60671K [0x00000000e0000000, 0x0000000100000000)
  region size 1024K, 52 young (53248K), 6 survivors (6144K)
 Metaspace       used 20767K, capacity 21166K, committed 21296K, reserved 274432K
  class space    used 2467K, capacity 2616K, committed 2688K, reserved 253952K
}
Event: 2.399 GC heap after
{Heap after GC invocations=4 (full 0):
 garbage-first heap   total 262144K, used 17472K [0x00000000e0000000, 0x0000000100000000)
  region size 1024K, 3 young (3072K), 3 survivors (3072K)
 Metaspace       used 20767K, capacity 21166K, committed 21296K, reserved 274432K
  class space    used 2467K, capacity 2616K, committed 2688K, reserved 253952K
}
Event: 3.060 GC heap before
{Heap before GC invocations=5 (full 0):
 garbage-first heap   total 262144K, used 74816K [0x00000000e0000000, 0x0000000100000000)
  region size 1024K, 59 young (60416K), 3 survivors (3072K)
 Metaspace       used 26138K, capacity 26684K, committed 26800K, reserved 278528K
  class space    used 3337K, capacity 3548K, committed 3584K, reserved 253952K
}
Event: 3.067 GC heap after
{Heap after GC invocations=6 (full 0):
 garbage-first heap   total 262144K, used 19607K [0x00000000e0000000, 0x0000000100000000)
  region size 1024K, 5 young (5120K), 5 survivors (5120K)
 Metaspace       used 26138K, capacity 26684K, committed 26800K, reserved 278528K
  class space    used 3337K, capacity 3548K, committed 3584K, reserved 253952K
}
Event: 4.050 GC heap before
{Heap before GC invocations=6 (full 0):
 garbage-first heap   total 262144K, used 95383K [0x00000000e0000000, 0x0000000100000000)
  region size 1024K, 80 young (81920K), 5 survivors (5120K)
 Metaspace       used 34890K, capacity 35807K, committed 35888K, reserved 286720K
  class space    used 4599K, capacity 4957K, committed 4992K, reserved 253952K
}
Event: 4.059 GC heap after
{Heap after GC invocations=7 (full 0):
 garbage-first heap   total 262144K, used 22679K [0x00000000e0000000, 0x0000000100000000)
  region size 1024K, 8 young (8192K), 8 survivors (8192K)
 Metaspace       used 34890K, capacity 35807K, committed 35888K, reserved 286720K
  class space    used 4599K, capacity 4957K, committed 4992K, reserved 253952K
}

